{
  "stats": {
    "suites": 1,
    "tests": 7,
    "passes": 4,
    "pending": 2,
    "failures": 1,
    "start": "2024-10-08T10:46:26.753Z",
    "end": "2024-10-08T10:46:27.972Z",
    "duration": 1219,
    "testsRegistered": 7,
    "passPercent": 80,
    "pendingPercent": 28.57142857142857,
    "other": 0,
    "hasOther": false,
    "skipped": 0,
    "hasSkipped": false
  },
  "results": [
    {
      "uuid": "5cddacc9-febc-4b0e-b4d6-b79deddba00b",
      "title": "",
      "fullFile": "C:\\Conselenium\\conselenium\\tests\\api.test.js",
      "file": "\\tests\\api.test.js",
      "beforeHooks": [],
      "afterHooks": [],
      "tests": [],
      "suites": [
        {
          "uuid": "5400f00e-28cb-4a00-9b35-a6ebbeaeae62",
          "title": "API tests",
          "fullFile": "C:\\Conselenium\\conselenium\\tests\\api.test.js",
          "file": "\\tests\\api.test.js",
          "beforeHooks": [],
          "afterHooks": [],
          "tests": [
            {
              "title": "first test",
              "fullTitle": "API tests first test",
              "timedOut": false,
              "duration": 0,
              "state": "pending",
              "speed": null,
              "pass": false,
              "fail": false,
              "pending": true,
              "context": null,
              "code": "",
              "err": {},
              "uuid": "46e611e7-7234-4af0-ab1a-20c076ecf73e",
              "parentUUID": "5400f00e-28cb-4a00-9b35-a6ebbeaeae62",
              "isHook": false,
              "skipped": false
            },
            {
              "title": "create account",
              "fullTitle": "API tests create account",
              "timedOut": false,
              "duration": 0,
              "state": "pending",
              "speed": null,
              "pass": false,
              "fail": false,
              "pending": true,
              "context": null,
              "code": "",
              "err": {},
              "uuid": "18c1b8b6-3e1f-4a57-ba55-0817f6c5828f",
              "parentUUID": "5400f00e-28cb-4a00-9b35-a6ebbeaeae62",
              "isHook": false,
              "skipped": false
            },
            {
              "title": "generate token",
              "fullTitle": "API tests generate token",
              "timedOut": false,
              "duration": 381,
              "state": "passed",
              "speed": "slow",
              "pass": true,
              "fail": false,
              "pending": false,
              "context": null,
              "code": "const response = await spec()\n  .post(`${baseUrl}/Account/v1/GenerateToken`)\n  .withBody({\n    userName: user,\n    password: secretPassword,\n  });\n  expect(response.statusCode).to.eql(200);\n  token = response.body.token;\n // console.log(token);",
              "err": {},
              "uuid": "e298ab95-35e8-48b6-8315-57cef62d4362",
              "parentUUID": "5400f00e-28cb-4a00-9b35-a6ebbeaeae62",
              "isHook": false,
              "skipped": false
            },
            {
              "title": "get user id",
              "fullTitle": "API tests get user id",
              "timedOut": false,
              "duration": 164,
              "state": "passed",
              "speed": "slow",
              "pass": true,
              "fail": false,
              "pending": false,
              "context": null,
              "code": "const response = await spec()\n.get(`${baseUrl}/Account/v1/User/${userID}`)\n.withBearerToken(token)\nexpect(response.statusCode).to.eql(200);",
              "err": {},
              "uuid": "398dde4e-ad97-414f-ad4a-299149e89719",
              "parentUUID": "5400f00e-28cb-4a00-9b35-a6ebbeaeae62",
              "isHook": false,
              "skipped": false
            },
            {
              "title": "add book",
              "fullTitle": "API tests add book",
              "timedOut": false,
              "duration": 178,
              "state": "passed",
              "speed": "slow",
              "pass": true,
              "fail": false,
              "pending": false,
              "context": null,
              "code": "const response = await spec()\n.post(`${baseUrl}/BookStore/v1/Books`)\n.withBearerToken(token)\n.withBody({\n    \"userId\": userID,\n    \"collectionOfIsbns\": [\n        {\n         \"isbn\": \"9781449325862\",\n         \"isbn\": \"9781449331818\",\n         \"isbn\": \"9781449337711\"\n        }\n    ] \n})\n\nexpect(response.statusCode).to.eql(201);",
              "err": {},
              "uuid": "6b3fe9bd-ae15-4a5e-8949-65292ccebca9",
              "parentUUID": "5400f00e-28cb-4a00-9b35-a6ebbeaeae62",
              "isHook": false,
              "skipped": false
            },
            {
              "title": "delete book",
              "fullTitle": "API tests delete book",
              "timedOut": false,
              "duration": 242,
              "state": "failed",
              "speed": null,
              "pass": false,
              "fail": true,
              "pending": false,
              "context": null,
              "code": "const response = await spec()\n.delete(`${baseUrl}/BookStore/v1/Book`)\n.withBearerToken(token)\n.withBody({\n    \"isbn\": \"9781449331818\",\n    \"userId\": userID\n})\n//.inspect()\n\nexpect(response.statusCode).to.eql(204);",
              "err": {
                "message": "AssertionError: expected 400 to deeply equal 204",
                "estack": "AssertionError: expected 400 to deeply equal 204\n    at Context.<anonymous> (file:///C:/Conselenium/conselenium/tests/api.test.js:78:40)\n    at processTicksAndRejections (node:internal/process/task_queues:96:5)",
                "diff": "- 400\n+ 204\n"
              },
              "uuid": "8529c005-b441-4344-b41d-69f93e0ac48e",
              "parentUUID": "5400f00e-28cb-4a00-9b35-a6ebbeaeae62",
              "isHook": false,
              "skipped": false
            },
            {
              "title": "delete all books",
              "fullTitle": "API tests delete all books",
              "timedOut": false,
              "duration": 239,
              "state": "passed",
              "speed": "slow",
              "pass": true,
              "fail": false,
              "pending": false,
              "context": null,
              "code": "const response = await spec()\n.delete(`${baseUrl}/BookStore/v1/Books?UserId=${userID}`)\n.withBearerToken(token)\n\n//.inspect()\n\nexpect(response.statusCode).to.eql(204);",
              "err": {},
              "uuid": "a0eb417c-ae5c-4c85-b1ff-116d320a28a7",
              "parentUUID": "5400f00e-28cb-4a00-9b35-a6ebbeaeae62",
              "isHook": false,
              "skipped": false
            }
          ],
          "suites": [],
          "passes": [
            "e298ab95-35e8-48b6-8315-57cef62d4362",
            "398dde4e-ad97-414f-ad4a-299149e89719",
            "6b3fe9bd-ae15-4a5e-8949-65292ccebca9",
            "a0eb417c-ae5c-4c85-b1ff-116d320a28a7"
          ],
          "failures": [
            "8529c005-b441-4344-b41d-69f93e0ac48e"
          ],
          "pending": [
            "46e611e7-7234-4af0-ab1a-20c076ecf73e",
            "18c1b8b6-3e1f-4a57-ba55-0817f6c5828f"
          ],
          "skipped": [],
          "duration": 1204,
          "root": false,
          "rootEmpty": false,
          "_timeout": 10000
        }
      ],
      "passes": [],
      "failures": [],
      "pending": [],
      "skipped": [],
      "duration": 0,
      "root": true,
      "rootEmpty": true,
      "_timeout": 10000
    }
  ],
  "meta": {
    "mocha": {
      "version": "10.7.3"
    },
    "mochawesome": {
      "options": {
        "quiet": false,
        "reportFilename": "mochawesome",
        "saveHtml": true,
        "saveJson": true,
        "consoleReporter": "spec",
        "useInlineDiffs": false,
        "code": true
      },
      "version": "7.1.3"
    },
    "marge": {
      "options": null,
      "version": "6.2.0"
    }
  }
}